1778002790.8458152, VAULT_fc0824ea6647, 0.1300 SOL
1778002791.0460823, VAULT_0064768ccfa2, 0.1300 SOL
1778002791.4464366, VAULT_495629644056, 0.1300 SOL
1778002792.2469192, VAULT_a893022d9dfe, 0.1300 SOL
1778002793.0474176, VAULT_ef7c9461f12b, 0.1300 SOL
1778002793.4477608, VAULT_1589be0d0606, 0.1300 SOL
1778002794.2482784, VAULT_6a5e8c5cda94, 0.1300 SOL
1778002794.8486896, VAULT_74057f143728, 0.1300 SOL
1778002795.249027, VAULT_42eb164bfb3f, 0.1300 SOL
1778002795.4492712, VAULT_58d080696155, 0.1300 SOL
1778002795.6494968, VAULT_7ff0767da41c, 0.1300 SOL
1778002795.8497472, VAULT_77746706807a, 0.1300 SOL
1778002796.6502466, VAULT_96af4f4fda9c, 0.1300 SOL
1778002797.2506378, VAULT_5ed74f7856aa, 0.1300 SOL
1778002798.2512267, VAULT_49433574cd76, 0.1300 SOL
1778002798.4516213, VAULT_cad8d9d4daad, 0.1300 SOL
1778002798.6519117, VAULT_02a3528d32f2, 0.1300 SOL
1778002798.8521512, VAULT_3fa3d93259fc, 0.1300 SOL
1778002799.2524905, VAULT_085e6c3eaad3, 0.1300 SOL
1778002799.6528213, VAULT_107d57b0bb83, 0.1300 SOL
1778002800.253359, VAULT_a7daf0bcb192, 0.1300 SOL
1778002800.4536428, VAULT_6646f8d89ae6, 0.1300 SOL
1778002800.6539059, VAULT_0895e6150643, 0.1300 SOL
1778002800.8541446, VAULT_5e74b19dab83, 0.1300 SOL
1778002801.254479, VAULT_bada847fc7d5, 0.1300 SOL
1778002801.8548906, VAULT_e1824d3ac898, 0.1300 SOL
1778002802.0551443, VAULT_a62698b3f270, 0.1300 SOL
1778002802.2554317, VAULT_b85224dfe7f0, 0.1300 SOL
1778002802.8558326, VAULT_1403f9bbe0b6, 0.1300 SOL
1778002803.0560918, VAULT_59660a1587f6, 0.1300 SOL
1778002803.2563548, VAULT_14f31aa1c78b, 0.1300 SOL
1778002804.0569365, VAULT_5c5e7a39949f, 0.1300 SOL
1778002804.8574226, VAULT_93019579a3e9, 0.1300 SOL
1778002805.0578756, VAULT_34e6e23c4608, 0.1300 SOL
1778002805.8585725, VAULT_de042eb8d321, 0.1300 SOL
1778002806.058871, VAULT_606bf7200fce, 0.1300 SOL
1778002806.459202, VAULT_b80ef7a178c1, 0.1300 SOL
1778002806.859524, VAULT_0a68b9e9be97, 0.1300 SOL
1778002807.2598643, VAULT_1d808a79b332, 0.1300 SOL
1778002807.6601925, VAULT_c2b8c609b2ab, 0.1300 SOL
1778002807.8604074, VAULT_5443b02859cb, 0.1300 SOL
1778002808.2607455, VAULT_95581c5d30af, 0.1300 SOL
1778002808.461014, VAULT_2d455269b887, 0.1300 SOL
1778002809.4617789, VAULT_195b363a7717, 0.1300 SOL
1778002809.6621964, VAULT_11d0d083288f, 0.1300 SOL
1778002809.862596, VAULT_4b5f75825c68, 0.1300 SOL
1778002810.6631584, VAULT_64666db13f53, 0.1300 SOL
1778002810.8634894, VAULT_9891f22122f9, 0.1300 SOL
1778002811.063747, VAULT_a7ae33ff1cab, 0.1300 SOL
1778002811.6641834, VAULT_ede0653e7360, 0.1300 SOL
1778002812.0644987, VAULT_5c003391d3e6, 0.1300 SOL
1778002812.2647293, VAULT_3d38c9e76928, 0.1300 SOL
1778002812.4649758, VAULT_951963881e4a, 0.1300 SOL
1778002812.6652224, VAULT_99b37cdbbc8a, 0.1300 SOL
1778002813.8659208, VAULT_3e78fbf80fd0, 0.1300 SOL
1778002814.0661683, VAULT_540a2f1a4486, 0.1300 SOL
1778002814.4665885, VAULT_e4282e256a38, 0.1300 SOL
1778002814.6668417, VAULT_d73dcf7da573, 0.1300 SOL
1778002815.0672011, VAULT_d96f41663253, 0.1300 SOL
1778002815.8677528, VAULT_216cfa311923, 0.1300 SOL
1778002816.2681024, VAULT_dddd27ec9eca, 0.1300 SOL
1778002816.6684363, VAULT_9db4d2f5a8e3, 0.1300 SOL
1778002817.8692126, VAULT_2ac27ae12cfd, 0.1300 SOL
1778002818.6697345, VAULT_a5106499cb31, 0.1300 SOL
1778002819.070078, VAULT_9540d389ccf0, 0.1300 SOL
1778002819.4704149, VAULT_bea90e7d9e86, 0.1300 SOL
1778002820.071004, VAULT_d70ed3f2425e, 0.1300 SOL
1778002820.271268, VAULT_b29c7b43163b, 0.1300 SOL
